# JRE version: Java(TM) SE Runtime Environment 18.9 (11.0.19+9) (build 11.0.19+9-LTS-224)
# Java VM: Java HotSpot(TM) 64-Bit Server VM 18.9 (11.0.19+9-LTS-224, mixed mode, tiered, compressed oops, g1 gc, windows-amd64)
Heap:
 garbage-first heap   total 131072K, used 92764K [0x0000000080e00000, 0x0000000100000000)
  region size 1024K, 67 young (68608K), 4 survivors (4096K)
 Metaspace       used 76950K, capacity 78802K, committed 79104K, reserved 1118208K
  class space    used 9401K, capacity 10130K, committed 10240K, reserved 1048576K
GC Heap History (10 events):
Event: 62.350 GC heap before
{Heap before GC invocations=22 (full 0):
 garbage-first heap   total 131072K, used 102966K [0x0000000080e00000, 0x0000000100000000)
  region size 1024K, 76 young (77824K), 4 survivors (4096K)
 Metaspace       used 76839K, capacity 78737K, committed 78848K, reserved 1118208K
  class space    used 9400K, capacity 10130K, committed 10240K, reserved 1048576K
}
Event: 62.364 GC heap after
{Heap after GC invocations=23 (full 0):
 garbage-first heap   total 131072K, used 30266K [0x0000000080e00000, 0x0000000100000000)
  region size 1024K, 4 young (4096K), 4 survivors (4096K)
 Metaspace       used 76839K, capacity 78737K, committed 78848K, reserved 1118208K
  class space    used 9400K, capacity 10130K, committed 10240K, reserved 1048576K
}
Event: 63.703 GC heap before
{Heap before GC invocations=23 (full 0):
 garbage-first heap   total 131072K, used 102970K [0x0000000080e00000, 0x0000000100000000)
  region size 1024K, 76 young (77824K), 4 survivors (4096K)
 Metaspace       used 76868K, capacity 78737K, committed 78848K, reserved 1118208K
  class space    used 9400K, capacity 10130K, committed 10240K, reserved 1048576K
}
Event: 63.709 GC heap after
{Heap after GC invocations=24 (full 0):
 garbage-first heap   total 131072K, used 30391K [0x0000000080e00000, 0x0000000100000000)
  region size 1024K, 4 young (4096K), 4 survivors (4096K)
 Metaspace       used 76868K, capacity 78737K, committed 78848K, reserved 1118208K
  class space    used 9400K, capacity 10130K, committed 10240K, reserved 1048576K
}
Event: 64.393 GC heap before
{Heap before GC invocations=24 (full 0):
 garbage-first heap   total 131072K, used 103095K [0x0000000080e00000, 0x0000000100000000)
  region size 1024K, 76 young (77824K), 4 survivors (4096K)
 Metaspace       used 76901K, capacity 78802K, committed 79104K, reserved 1118208K
  class space    used 9400K, capacity 10130K, committed 10240K, reserved 1048576K
}
Event: 64.397 GC heap after
{Heap after GC invocations=25 (full 0):
 garbage-first heap   total 131072K, used 30285K [0x0000000080e00000, 0x0000000100000000)
  region size 1024K, 4 young (4096K), 4 survivors (4096K)
 Metaspace       used 76901K, capacity 78802K, committed 79104K, reserved 1118208K
  class space    used 9400K, capacity 10130K, committed 10240K, reserved 1048576K
}
Event: 71.990 GC heap before
{Heap before GC invocations=25 (full 0):
 garbage-first heap   total 131072K, used 102989K [0x0000000080e00000, 0x0000000100000000)
  region size 1024K, 76 young (77824K), 4 survivors (4096K)
 Metaspace       used 76905K, capacity 78802K, committed 79104K, reserved 1118208K
  class space    used 9401K, capacity 10130K, committed 10240K, reserved 1048576K
}
Event: 71.996 GC heap after
{Heap after GC invocations=26 (full 0):
 garbage-first heap   total 131072K, used 30391K [0x0000000080e00000, 0x0000000100000000)
  region size 1024K, 4 young (4096K), 4 survivors (4096K)
 Metaspace       used 76905K, capacity 78802K, committed 79104K, reserved 1118208K
  class space    used 9401K, capacity 10130K, committed 10240K, reserved 1048576K
}
Event: 72.757 GC heap before
{Heap before GC invocations=26 (full 0):
 garbage-first heap   total 131072K, used 103095K [0x0000000080e00000, 0x0000000100000000)
  region size 1024K, 76 young (77824K), 4 survivors (4096K)
 Metaspace       used 76930K, capacity 78802K, committed 79104K, reserved 1118208K
  class space    used 9401K, capacity 10130K, committed 10240K, reserved 1048576K
}
Event: 72.768 GC heap after
{Heap after GC invocations=27 (full 0):
 garbage-first heap   total 131072K, used 30300K [0x0000000080e00000, 0x0000000100000000)
  region size 1024K, 4 young (4096K), 4 survivors (4096K)
 Metaspace       used 76930K, capacity 78802K, committed 79104K, reserved 1118208K
  class space    used 9401K, capacity 10130K, committed 10240K, reserved 1048576K
}

