# JRE version: Java(TM) SE Runtime Environment 18.9 (11.0.19+9) (build 11.0.19+9-LTS-224)
# Java VM: Java HotSpot(TM) 64-Bit Server VM 18.9 (11.0.19+9-LTS-224, mixed mode, tiered, compressed oops, g1 gc, windows-amd64)
Heap:
 garbage-first heap   total 262144K, used 83852K [0x00000000e0000000, 0x0000000100000000)
  region size 1024K, 39 young (39936K), 7 survivors (7168K)
 Metaspace       used 64568K, capacity 67000K, committed 67072K, reserved 313344K
  class space    used 8087K, capacity 8959K, committed 8960K, reserved 253952K
GC Heap History (10 events):
Event: 44.150 GC heap before
{Heap before GC invocations=13 (full 0):
 garbage-first heap   total 262144K, used 184213K [0x00000000e0000000, 0x0000000100000000)
  region size 1024K, 152 young (155648K), 15 survivors (15360K)
 Metaspace       used 61398K, capacity 63635K, committed 63872K, reserved 309248K
  class space    used 7935K, capacity 8738K, committed 8832K, reserved 253952K
}
Event: 44.168 GC heap after
{Heap after GC invocations=14 (full 0):
 garbage-first heap   total 262144K, used 52224K [0x00000000e0000000, 0x0000000100000000)
  region size 1024K, 15 young (15360K), 15 survivors (15360K)
 Metaspace       used 61398K, capacity 63635K, committed 63872K, reserved 309248K
  class space    used 7935K, capacity 8738K, committed 8832K, reserved 253952K
}
Event: 298.826 GC heap before
{Heap before GC invocations=14 (full 0):
 garbage-first heap   total 262144K, used 192512K [0x00000000e0000000, 0x0000000100000000)
  region size 1024K, 153 young (156672K), 15 survivors (15360K)
 Metaspace       used 63097K, capacity 65428K, committed 65536K, reserved 311296K
  class space    used 8050K, capacity 8877K, committed 8960K, reserved 253952K
}
Event: 298.840 GC heap after
{Heap after GC invocations=15 (full 0):
 garbage-first heap   total 262144K, used 52620K [0x00000000e0000000, 0x0000000100000000)
  region size 1024K, 8 young (8192K), 8 survivors (8192K)
 Metaspace       used 63097K, capacity 65428K, committed 65536K, reserved 311296K
  class space    used 8050K, capacity 8877K, committed 8960K, reserved 253952K
}
Event: 1274.207 GC heap before
{Heap before GC invocations=15 (full 0):
 garbage-first heap   total 262144K, used 199051K [0x00000000e0000000, 0x0000000100000000)
  region size 1024K, 152 young (155648K), 8 survivors (8192K)
 Metaspace       used 63932K, capacity 66341K, committed 66560K, reserved 313344K
  class space    used 8071K, capacity 8931K, committed 8960K, reserved 253952K
}
Event: 1274.215 GC heap after
{Heap after GC invocations=16 (full 0):
 garbage-first heap   total 262144K, used 52108K [0x00000000e0000000, 0x0000000100000000)
  region size 1024K, 7 young (7168K), 7 survivors (7168K)
 Metaspace       used 63932K, capacity 66341K, committed 66560K, reserved 313344K
  class space    used 8071K, capacity 8931K, committed 8960K, reserved 253952K
}
Event: 1844.866 GC heap before
{Heap before GC invocations=16 (full 0):
 garbage-first heap   total 262144K, used 200588K [0x00000000e0000000, 0x0000000100000000)
  region size 1024K, 153 young (156672K), 7 survivors (7168K)
 Metaspace       used 64390K, capacity 66774K, committed 66816K, reserved 313344K
  class space    used 8083K, capacity 8953K, committed 8960K, reserved 253952K
}
Event: 1844.873 GC heap after
{Heap after GC invocations=17 (full 0):
 garbage-first heap   total 262144K, used 51424K [0x00000000e0000000, 0x0000000100000000)
  region size 1024K, 7 young (7168K), 7 survivors (7168K)
 Metaspace       used 64390K, capacity 66774K, committed 66816K, reserved 313344K
  class space    used 8083K, capacity 8953K, committed 8960K, reserved 253952K
}
Event: 2405.741 GC heap before
{Heap before GC invocations=17 (full 0):
 garbage-first heap   total 262144K, used 199904K [0x00000000e0000000, 0x0000000100000000)
  region size 1024K, 153 young (156672K), 7 survivors (7168K)
 Metaspace       used 64529K, capacity 66930K, committed 67072K, reserved 313344K
  class space    used 8087K, capacity 8959K, committed 8960K, reserved 253952K
}
Event: 2405.748 GC heap after
{Heap after GC invocations=18 (full 0):
 garbage-first heap   total 262144K, used 52108K [0x00000000e0000000, 0x0000000100000000)
  region size 1024K, 7 young (7168K), 7 survivors (7168K)
 Metaspace       used 64529K, capacity 66930K, committed 67072K, reserved 313344K
  class space    used 8087K, capacity 8959K, committed 8960K, reserved 253952K
}

